<?xml version="1.0" encoding="UTF-8"?>
<coverage generated="1617129525243" clover="3.2.0">
  <project timestamp="1617129525244" name="All files">
    <metrics statements="11" coveredstatements="11" conditionals="2" coveredconditionals="2" methods="5" coveredmethods="5" elements="18" coveredelements="18" complexity="0" loc="11" ncloc="11" packages="1" files="1" classes="1"/>
    <file name="index.js" path="/Users/aokiken/src/github.com/aokiken/vue-remove-whitespace/index.js">
      <metrics statements="11" coveredstatements="11" conditionals="2" coveredconditionals="2" methods="5" coveredmethods="5"/>
      <line num="1" count="1" type="stmt"/>
      <line num="4" count="24" type="stmt"/>
      <line num="8" count="12" type="stmt"/>
      <line num="9" count="24" type="cond" truecount="2" falsecount="0"/>
      <line num="10" count="15" type="stmt"/>
      <line num="11" count="15" type="stmt"/>
      <line num="13" count="9" type="stmt"/>
      <line num="17" count="1" type="stmt"/>
      <line num="19" count="2" type="stmt"/>
      <line num="22" count="1" type="stmt"/>
      <line num="26" count="1" type="stmt"/>
    </file>
  </project>
</coverage>
